d:\proiect-git\irontorch_game\irontorch\debug\vc140.pdb
d:\proiect-git\irontorch_game\irontorch\debug\vc140.idb
d:\proiect-git\irontorch_game\irontorch\debug\g_unit.obj
d:\proiect-git\irontorch_game\irontorch\debug\irontorch.obj
d:\proiect-git\irontorch_game\irontorch\debug\charactermodel.obj
d:\proiect-git\irontorch_game\irontorch\debug\potion.obj
d:\proiect-git\irontorch_game\irontorch\debug\tilemap.obj
d:\proiect-git\irontorch_game\irontorch\debug\chest.obj
d:\proiect-git\irontorch_game\debug\irontorch.ilk
d:\proiect-git\irontorch_game\debug\irontorch.exe
d:\proiect-git\irontorch_game\debug\irontorch.pdb
d:\proiect-git\irontorch_game\irontorch\debug\charactermodel.obj.enc
d:\proiect-git\irontorch_game\irontorch\debug\g_unit.obj.enc
d:\proiect-git\irontorch_game\irontorch\debug\irontorch.obj.enc
d:\proiect-git\irontorch_game\irontorch\debug\irontorch.tlog\cl.command.1.tlog
d:\proiect-git\irontorch_game\irontorch\debug\irontorch.tlog\cl.read.1.tlog
d:\proiect-git\irontorch_game\irontorch\debug\irontorch.tlog\cl.write.1.tlog
d:\proiect-git\irontorch_game\irontorch\debug\irontorch.tlog\link.command.1.tlog
d:\proiect-git\irontorch_game\irontorch\debug\irontorch.tlog\link.read.1.tlog
d:\proiect-git\irontorch_game\irontorch\debug\irontorch.tlog\link.write.1.tlog
